2025-03-31T19:02:57.483+05:30  INFO 70984 --- [http-nio-8080-exec-2] c.s.s.p.l.AcknowledgementListener        : Created: Acknowledgement(id=null, userId=05fb9631-af07-423f-bdbb-f08566357589, policyId=0a51e116-5d01-4806-9cae-b6fb3dfff732)
2025-03-31T19:07:02.884+05:30  INFO 70984 --- [http-nio-8080-exec-5] c.s.s.p.l.AcknowledgementListener        : Created: Acknowledgement(id=null, userId=05fb9631-af07-423f-bdbb-f08566357589, policyId=0a51e116-5d01-4806-9cae-b6fb3dfff732)
2025-03-31T19:17:39.422+05:30  INFO 70984 --- [SpringApplicationShutdownHook] org.quartz.core.QuartzScheduler          : Scheduler quartzScheduler_$_NON_CLUSTERED paused.
2025-03-31T19:17:39.574+05:30  INFO 70984 --- [SpringApplicationShutdownHook] o.s.s.quartz.SchedulerFactoryBean        : Shutting down Quartz Scheduler
2025-03-31T19:17:39.577+05:30  INFO 70984 --- [SpringApplicationShutdownHook] org.quartz.core.QuartzScheduler          : Scheduler quartzScheduler_$_NON_CLUSTERED shutting down.
2025-03-31T19:17:39.577+05:30  INFO 70984 --- [SpringApplicationShutdownHook] org.quartz.core.QuartzScheduler          : Scheduler quartzScheduler_$_NON_CLUSTERED paused.
2025-03-31T19:17:39.578+05:30  INFO 70984 --- [SpringApplicationShutdownHook] org.quartz.core.QuartzScheduler          : Scheduler quartzScheduler_$_NON_CLUSTERED shutdown complete.
2025-03-31T19:17:39.608+05:30  INFO 70984 --- [SpringApplicationShutdownHook] j.LocalContainerEntityManagerFactoryBean : Closing JPA EntityManagerFactory for persistence unit 'default'
2025-03-31T19:17:39.633+05:30  INFO 70984 --- [SpringApplicationShutdownHook] com.zaxxer.hikari.HikariDataSource       : HikariPool-1 - Shutdown initiated...
2025-03-31T19:17:39.681+05:30  INFO 70984 --- [SpringApplicationShutdownHook] com.zaxxer.hikari.HikariDataSource       : HikariPool-1 - Shutdown completed.
2025-03-31T19:17:45.302+05:30  INFO 72100 --- [main] c.sai.sprinto.policy.PolicyApplication   : Starting PolicyApplication using Java 17.0.7 with PID 72100 (/Users/saiashishdarapureddy/Desktop/sai/folders/projects/sprinto/policy/build/classes/java/main started by saiashishdarapureddy in /Users/saiashishdarapureddy/Desktop/sai/folders/projects/sprinto/policy)
2025-03-31T19:17:45.308+05:30  INFO 72100 --- [main] c.sai.sprinto.policy.PolicyApplication   : No active profile set, falling back to 1 default profile: "default"
2025-03-31T19:17:46.604+05:30  INFO 72100 --- [main] .s.d.r.c.RepositoryConfigurationDelegate : Multiple Spring Data modules found, entering strict repository configuration mode
2025-03-31T19:17:46.608+05:30  INFO 72100 --- [main] .s.d.r.c.RepositoryConfigurationDelegate : Bootstrapping Spring Data JPA repositories in DEFAULT mode.
2025-03-31T19:17:46.752+05:30  INFO 72100 --- [main] .RepositoryConfigurationExtensionSupport : Spring Data JPA - Could not safely identify store assignment for repository candidate interface com.sai.sprinto.policy.repository.PolicyRepository; If you want this repository to be a JPA repository, consider annotating your entities with one of these annotations: jakarta.persistence.Entity, jakarta.persistence.MappedSuperclass (preferred), or consider extending one of the following types with your repository: org.springframework.data.jpa.repository.JpaRepository
2025-03-31T19:17:46.803+05:30  INFO 72100 --- [main] .s.d.r.c.RepositoryConfigurationDelegate : Finished Spring Data repository scanning in 183 ms. Found 2 JPA repository interfaces.
2025-03-31T19:17:46.867+05:30  INFO 72100 --- [main] .s.d.r.c.RepositoryConfigurationDelegate : Multiple Spring Data modules found, entering strict repository configuration mode
2025-03-31T19:17:46.867+05:30  INFO 72100 --- [main] .s.d.r.c.RepositoryConfigurationDelegate : Bootstrapping Spring Data MongoDB repositories in DEFAULT mode.
2025-03-31T19:17:46.884+05:30  INFO 72100 --- [main] .RepositoryConfigurationExtensionSupport : Spring Data MongoDB - Could not safely identify store assignment for repository candidate interface com.sai.sprinto.policy.repository.AcknowledgementRepository; If you want this repository to be a MongoDB repository, consider annotating your entities with one of these annotations: org.springframework.data.mongodb.core.mapping.Document (preferred), or consider extending one of the following types with your repository: org.springframework.data.mongodb.repository.MongoRepository
2025-03-31T19:17:46.886+05:30  INFO 72100 --- [main] .RepositoryConfigurationExtensionSupport : Spring Data MongoDB - Could not safely identify store assignment for repository candidate interface com.sai.sprinto.policy.repository.UserRepository; If you want this repository to be a MongoDB repository, consider annotating your entities with one of these annotations: org.springframework.data.mongodb.core.mapping.Document (preferred), or consider extending one of the following types with your repository: org.springframework.data.mongodb.repository.MongoRepository
2025-03-31T19:17:46.903+05:30  INFO 72100 --- [main] .s.d.r.c.RepositoryConfigurationDelegate : Finished Spring Data repository scanning in 35 ms. Found 1 MongoDB repository interfaces.
2025-03-31T19:17:48.074+05:30  INFO 72100 --- [main] o.s.b.w.embedded.tomcat.TomcatWebServer  : Tomcat initialized with port(s): 8080 (http)
2025-03-31T19:17:48.089+05:30  INFO 72100 --- [main] o.apache.catalina.core.StandardService   : Starting service [Tomcat]
2025-03-31T19:17:48.090+05:30  INFO 72100 --- [main] o.apache.catalina.core.StandardEngine    : Starting Servlet engine: [Apache Tomcat/10.1.13]
2025-03-31T19:17:48.239+05:30  INFO 72100 --- [main] o.a.c.c.C.[Tomcat].[localhost].[/]       : Initializing Spring embedded WebApplicationContext
2025-03-31T19:17:48.241+05:30  INFO 72100 --- [main] w.s.c.ServletWebServerApplicationContext : Root WebApplicationContext: initialization completed in 2852 ms
2025-03-31T19:17:48.611+05:30  INFO 72100 --- [main] o.hibernate.jpa.internal.util.LogHelper  : HHH000204: Processing PersistenceUnitInfo [name: default]
2025-03-31T19:17:48.657+05:30  INFO 72100 --- [main] org.hibernate.Version                    : HHH000412: Hibernate ORM core version 6.2.9.Final
2025-03-31T19:17:48.659+05:30  INFO 72100 --- [main] org.hibernate.cfg.Environment            : HHH000406: Using bytecode reflection optimizer
2025-03-31T19:17:48.792+05:30  INFO 72100 --- [main] o.h.b.i.BytecodeProviderInitiator        : HHH000021: Bytecode provider name : bytebuddy
2025-03-31T19:17:48.906+05:30  INFO 72100 --- [main] o.s.o.j.p.SpringPersistenceUnitInfo      : No LoadTimeWeaver setup: ignoring JPA class transformer
2025-03-31T19:17:48.922+05:30  INFO 72100 --- [main] com.zaxxer.hikari.HikariDataSource       : HikariPool-1 - Starting...
2025-03-31T19:17:49.426+05:30  INFO 72100 --- [main] com.zaxxer.hikari.pool.HikariPool        : HikariPool-1 - Added connection com.mysql.cj.jdbc.ConnectionImpl@27896d3b
2025-03-31T19:17:49.429+05:30  INFO 72100 --- [main] com.zaxxer.hikari.HikariDataSource       : HikariPool-1 - Start completed.
2025-03-31T19:17:49.726+05:30  INFO 72100 --- [main] o.h.b.i.BytecodeProviderInitiator        : HHH000021: Bytecode provider name : bytebuddy
2025-03-31T19:17:50.347+05:30  INFO 72100 --- [main] o.h.e.t.j.p.i.JtaPlatformInitiator       : HHH000490: Using JtaPlatform implementation: [org.hibernate.engine.transaction.jta.platform.internal.NoJtaPlatform]
2025-03-31T19:17:50.402+05:30  INFO 72100 --- [main] j.LocalContainerEntityManagerFactoryBean : Initialized JPA EntityManagerFactory for persistence unit 'default'
2025-03-31T19:17:51.437+05:30  INFO 72100 --- [main] org.mongodb.driver.client                : MongoClient with metadata {"driver": {"name": "mongo-java-driver|sync|spring-boot", "version": "4.9.1"}, "os": {"type": "Darwin", "name": "Mac OS X", "architecture": "x86_64", "version": "12.2"}, "platform": "Java/Amazon.com Inc./17.0.7+7-LTS"} created with settings MongoClientSettings{readPreference=primary, writeConcern=WriteConcern{w=null, wTimeout=null ms, journal=null}, retryWrites=true, retryReads=true, readConcern=ReadConcern{level=null}, credential=null, streamFactoryFactory=null, commandListeners=[], codecRegistry=ProvidersCodecRegistry{codecProviders=[ValueCodecProvider{}, BsonValueCodecProvider{}, DBRefCodecProvider{}, DBObjectCodecProvider{}, DocumentCodecProvider{}, CollectionCodecProvider{}, IterableCodecProvider{}, MapCodecProvider{}, GeoJsonCodecProvider{}, GridFSFileCodecProvider{}, Jsr310CodecProvider{}, JsonObjectCodecProvider{}, BsonCodecProvider{}, EnumCodecProvider{}, com.mongodb.client.model.mql.ExpressionCodecProvider@5c8d631, com.mongodb.Jep395RecordCodecProvider@3d42b756]}, loggerSettings=LoggerSettings{maxDocumentLength=1000}, clusterSettings={hosts=[localhost:27017], srvServiceName=mongodb, mode=SINGLE, requiredClusterType=UNKNOWN, requiredReplicaSetName='null', serverSelector='null', clusterListeners='[]', serverSelectionTimeout='30000 ms', localThreshold='30000 ms'}, socketSettings=SocketSettings{connectTimeoutMS=10000, readTimeoutMS=0, receiveBufferSize=0, sendBufferSize=0}, heartbeatSocketSettings=SocketSettings{connectTimeoutMS=10000, readTimeoutMS=10000, receiveBufferSize=0, sendBufferSize=0}, connectionPoolSettings=ConnectionPoolSettings{maxSize=100, minSize=0, maxWaitTimeMS=120000, maxConnectionLifeTimeMS=0, maxConnectionIdleTimeMS=0, maintenanceInitialDelayMS=0, maintenanceFrequencyMS=60000, connectionPoolListeners=[], maxConnecting=2}, serverSettings=ServerSettings{heartbeatFrequencyMS=10000, minHeartbeatFrequencyMS=500, serverListeners='[]', serverMonitorListeners='[]'}, sslSettings=SslSettings{enabled=false, invalidHostNameAllowed=false, context=null}, applicationName='null', compressorList=[], uuidRepresentation=JAVA_LEGACY, serverApi=null, autoEncryptionSettings=null, contextProvider=null}
2025-03-31T19:17:51.506+05:30  INFO 72100 --- [cluster-ClusterId{value='67ea9d0731a8ba1d7bc290f7', description='null'}-localhost:27017] org.mongodb.driver.cluster               : Monitor thread successfully connected to server with description ServerDescription{address=localhost:27017, type=STANDALONE, state=CONNECTED, ok=true, minWireVersion=0, maxWireVersion=25, maxDocumentSize=16777216, logicalSessionTimeoutMinutes=30, roundTripTimeNanos=136408459}
2025-03-31T19:17:52.381+05:30  WARN 72100 --- [main] JpaBaseConfiguration$JpaWebConfiguration : spring.jpa.open-in-view is enabled by default. Therefore, database queries may be performed during view rendering. Explicitly configure spring.jpa.open-in-view to disable this warning
2025-03-31T19:17:52.933+05:30  INFO 72100 --- [main] org.quartz.impl.StdSchedulerFactory      : Using default implementation for ThreadExecutor
2025-03-31T19:17:52.946+05:30  INFO 72100 --- [main] org.quartz.core.SchedulerSignalerImpl    : Initialized Scheduler Signaller of type: class org.quartz.core.SchedulerSignalerImpl
2025-03-31T19:17:52.946+05:30  INFO 72100 --- [main] org.quartz.core.QuartzScheduler          : Quartz Scheduler v.2.3.2 created.
2025-03-31T19:17:52.947+05:30  INFO 72100 --- [main] org.quartz.simpl.RAMJobStore             : RAMJobStore initialized.
2025-03-31T19:17:52.947+05:30  INFO 72100 --- [main] org.quartz.core.QuartzScheduler          : Scheduler meta-data: Quartz Scheduler (v2.3.2) 'quartzScheduler' with instanceId 'NON_CLUSTERED'
  Scheduler class: 'org.quartz.core.QuartzScheduler' - running locally.
  NOT STARTED.
  Currently in standby mode.
  Number of jobs executed: 0
  Using thread pool 'org.quartz.simpl.SimpleThreadPool' - with 10 threads.
  Using job-store 'org.quartz.simpl.RAMJobStore' - which does not support persistence. and is not clustered.

2025-03-31T19:17:52.947+05:30  INFO 72100 --- [main] org.quartz.impl.StdSchedulerFactory      : Quartz scheduler 'quartzScheduler' initialized from an externally provided properties instance.
2025-03-31T19:17:52.947+05:30  INFO 72100 --- [main] org.quartz.impl.StdSchedulerFactory      : Quartz scheduler version: 2.3.2
2025-03-31T19:17:52.947+05:30  INFO 72100 --- [main] org.quartz.core.QuartzScheduler          : JobFactory set to: org.springframework.scheduling.quartz.SpringBeanJobFactory@6f2b608e
2025-03-31T19:17:53.006+05:30  INFO 72100 --- [main] o.s.b.w.embedded.tomcat.TomcatWebServer  : Tomcat started on port(s): 8080 (http) with context path ''
2025-03-31T19:17:53.008+05:30  INFO 72100 --- [main] o.s.s.quartz.SchedulerFactoryBean        : Starting Quartz Scheduler now
2025-03-31T19:17:53.008+05:30  INFO 72100 --- [main] org.quartz.core.QuartzScheduler          : Scheduler quartzScheduler_$_NON_CLUSTERED started.
2025-03-31T19:17:53.026+05:30  INFO 72100 --- [main] c.sai.sprinto.policy.PolicyApplication   : Started PolicyApplication in 8.478 seconds (process running for 9.096)
2025-03-31T19:17:55.886+05:30  INFO 72100 --- [http-nio-8080-exec-1] o.a.c.c.C.[Tomcat].[localhost].[/]       : Initializing Spring DispatcherServlet 'dispatcherServlet'
2025-03-31T19:17:55.887+05:30  INFO 72100 --- [http-nio-8080-exec-1] o.s.web.servlet.DispatcherServlet        : Initializing Servlet 'dispatcherServlet'
2025-03-31T19:17:55.894+05:30  INFO 72100 --- [http-nio-8080-exec-1] o.s.web.servlet.DispatcherServlet        : Completed initialization in 7 ms
2025-03-31T19:20:12.387+05:30  INFO 72100 --- [http-nio-8080-exec-9] c.s.s.p.l.AcknowledgementListener        : Created: Acknowledgement(id=null, userId=05fb9631-af07-423f-bdbb-f08566357589, policyId=181c52ff-ab2f-44da-ad5a-030de82ece8d)
2025-03-31T19:20:20.259+05:30  INFO 72100 --- [http-nio-8080-exec-10] c.s.s.p.l.AcknowledgementListener        : Created: Acknowledgement(id=null, userId=05fb9631-af07-423f-bdbb-f08566357589, policyId=5c1c2fc5-63e6-4c49-8004-8913d6135236)
2025-03-31T19:20:21.375+05:30  INFO 72100 --- [http-nio-8080-exec-2] c.s.s.p.l.AcknowledgementListener        : Created: Acknowledgement(id=null, userId=05fb9631-af07-423f-bdbb-f08566357589, policyId=5c1c2fc5-63e6-4c49-8004-8913d6135236)
2025-03-31T19:20:22.279+05:30  INFO 72100 --- [http-nio-8080-exec-3] c.s.s.p.l.AcknowledgementListener        : Created: Acknowledgement(id=null, userId=05fb9631-af07-423f-bdbb-f08566357589, policyId=181c52ff-ab2f-44da-ad5a-030de82ece8d)
2025-03-31T19:25:12.358+05:30  WARN 72100 --- [HikariPool-1 housekeeper] com.zaxxer.hikari.pool.HikariPool        : HikariPool-1 - Thread starvation or clock leap detected (housekeeper delta=1m22s768ms).
2025-03-31T19:25:53.320+05:30  INFO 72100 --- [SpringApplicationShutdownHook] org.quartz.core.QuartzScheduler          : Scheduler quartzScheduler_$_NON_CLUSTERED paused.
2025-03-31T19:25:53.416+05:30  INFO 72100 --- [SpringApplicationShutdownHook] o.s.s.quartz.SchedulerFactoryBean        : Shutting down Quartz Scheduler
2025-03-31T19:25:53.416+05:30  INFO 72100 --- [SpringApplicationShutdownHook] org.quartz.core.QuartzScheduler          : Scheduler quartzScheduler_$_NON_CLUSTERED shutting down.
2025-03-31T19:25:53.416+05:30  INFO 72100 --- [SpringApplicationShutdownHook] org.quartz.core.QuartzScheduler          : Scheduler quartzScheduler_$_NON_CLUSTERED paused.
2025-03-31T19:25:53.416+05:30  INFO 72100 --- [SpringApplicationShutdownHook] org.quartz.core.QuartzScheduler          : Scheduler quartzScheduler_$_NON_CLUSTERED shutdown complete.
2025-03-31T19:25:53.472+05:30  INFO 72100 --- [SpringApplicationShutdownHook] j.LocalContainerEntityManagerFactoryBean : Closing JPA EntityManagerFactory for persistence unit 'default'
2025-03-31T19:25:53.500+05:30  INFO 72100 --- [SpringApplicationShutdownHook] com.zaxxer.hikari.HikariDataSource       : HikariPool-1 - Shutdown initiated...
2025-03-31T19:25:53.560+05:30  INFO 72100 --- [SpringApplicationShutdownHook] com.zaxxer.hikari.HikariDataSource       : HikariPool-1 - Shutdown completed.
2025-03-31T19:26:09.699+05:30  INFO 72411 --- [main] c.sai.sprinto.policy.PolicyApplication   : Starting PolicyApplication using Java 17.0.7 with PID 72411 (/Users/saiashishdarapureddy/Desktop/sai/folders/projects/sprinto/policy/build/classes/java/main started by saiashishdarapureddy in /Users/saiashishdarapureddy/Desktop/sai/folders/projects/sprinto/policy)
2025-03-31T19:26:09.709+05:30  INFO 72411 --- [main] c.sai.sprinto.policy.PolicyApplication   : No active profile set, falling back to 1 default profile: "default"
2025-03-31T19:26:11.031+05:30  INFO 72411 --- [main] .s.d.r.c.RepositoryConfigurationDelegate : Multiple Spring Data modules found, entering strict repository configuration mode
2025-03-31T19:26:11.034+05:30  INFO 72411 --- [main] .s.d.r.c.RepositoryConfigurationDelegate : Bootstrapping Spring Data JPA repositories in DEFAULT mode.
2025-03-31T19:26:11.130+05:30  INFO 72411 --- [main] .RepositoryConfigurationExtensionSupport : Spring Data JPA - Could not safely identify store assignment for repository candidate interface com.sai.sprinto.policy.repository.PolicyRepository; If you want this repository to be a JPA repository, consider annotating your entities with one of these annotations: jakarta.persistence.Entity, jakarta.persistence.MappedSuperclass (preferred), or consider extending one of the following types with your repository: org.springframework.data.jpa.repository.JpaRepository
2025-03-31T19:26:11.171+05:30  INFO 72411 --- [main] .s.d.r.c.RepositoryConfigurationDelegate : Finished Spring Data repository scanning in 129 ms. Found 2 JPA repository interfaces.
2025-03-31T19:26:11.240+05:30  INFO 72411 --- [main] .s.d.r.c.RepositoryConfigurationDelegate : Multiple Spring Data modules found, entering strict repository configuration mode
2025-03-31T19:26:11.241+05:30  INFO 72411 --- [main] .s.d.r.c.RepositoryConfigurationDelegate : Bootstrapping Spring Data MongoDB repositories in DEFAULT mode.
2025-03-31T19:26:11.255+05:30  INFO 72411 --- [main] .RepositoryConfigurationExtensionSupport : Spring Data MongoDB - Could not safely identify store assignment for repository candidate interface com.sai.sprinto.policy.repository.AcknowledgementRepository; If you want this repository to be a MongoDB repository, consider annotating your entities with one of these annotations: org.springframework.data.mongodb.core.mapping.Document (preferred), or consider extending one of the following types with your repository: org.springframework.data.mongodb.repository.MongoRepository
2025-03-31T19:26:11.257+05:30  INFO 72411 --- [main] .RepositoryConfigurationExtensionSupport : Spring Data MongoDB - Could not safely identify store assignment for repository candidate interface com.sai.sprinto.policy.repository.UserRepository; If you want this repository to be a MongoDB repository, consider annotating your entities with one of these annotations: org.springframework.data.mongodb.core.mapping.Document (preferred), or consider extending one of the following types with your repository: org.springframework.data.mongodb.repository.MongoRepository
2025-03-31T19:26:11.275+05:30  INFO 72411 --- [main] .s.d.r.c.RepositoryConfigurationDelegate : Finished Spring Data repository scanning in 34 ms. Found 1 MongoDB repository interfaces.
2025-03-31T19:26:12.472+05:30  INFO 72411 --- [main] o.s.b.w.embedded.tomcat.TomcatWebServer  : Tomcat initialized with port(s): 8080 (http)
2025-03-31T19:26:12.489+05:30  INFO 72411 --- [main] o.apache.catalina.core.StandardService   : Starting service [Tomcat]
2025-03-31T19:26:12.489+05:30  INFO 72411 --- [main] o.apache.catalina.core.StandardEngine    : Starting Servlet engine: [Apache Tomcat/10.1.13]
2025-03-31T19:26:12.780+05:30  INFO 72411 --- [main] o.a.c.c.C.[Tomcat].[localhost].[/]       : Initializing Spring embedded WebApplicationContext
2025-03-31T19:26:12.785+05:30  INFO 72411 --- [main] w.s.c.ServletWebServerApplicationContext : Root WebApplicationContext: initialization completed in 2969 ms
2025-03-31T19:26:13.551+05:30  INFO 72411 --- [main] o.hibernate.jpa.internal.util.LogHelper  : HHH000204: Processing PersistenceUnitInfo [name: default]
2025-03-31T19:26:13.640+05:30  INFO 72411 --- [main] org.hibernate.Version                    : HHH000412: Hibernate ORM core version 6.2.9.Final
2025-03-31T19:26:13.642+05:30  INFO 72411 --- [main] org.hibernate.cfg.Environment            : HHH000406: Using bytecode reflection optimizer
2025-03-31T19:26:13.818+05:30  INFO 72411 --- [main] o.h.b.i.BytecodeProviderInitiator        : HHH000021: Bytecode provider name : bytebuddy
2025-03-31T19:26:13.961+05:30  INFO 72411 --- [main] o.s.o.j.p.SpringPersistenceUnitInfo      : No LoadTimeWeaver setup: ignoring JPA class transformer
2025-03-31T19:26:13.978+05:30  INFO 72411 --- [main] com.zaxxer.hikari.HikariDataSource       : HikariPool-1 - Starting...
2025-03-31T19:26:14.428+05:30  INFO 72411 --- [main] com.zaxxer.hikari.pool.HikariPool        : HikariPool-1 - Added connection com.mysql.cj.jdbc.ConnectionImpl@71f0806b
2025-03-31T19:26:14.431+05:30  INFO 72411 --- [main] com.zaxxer.hikari.HikariDataSource       : HikariPool-1 - Start completed.
2025-03-31T19:26:14.880+05:30  INFO 72411 --- [main] o.h.b.i.BytecodeProviderInitiator        : HHH000021: Bytecode provider name : bytebuddy
2025-03-31T19:26:15.551+05:30  INFO 72411 --- [main] o.h.e.t.j.p.i.JtaPlatformInitiator       : HHH000490: Using JtaPlatform implementation: [org.hibernate.engine.transaction.jta.platform.internal.NoJtaPlatform]
2025-03-31T19:26:15.610+05:30  INFO 72411 --- [main] j.LocalContainerEntityManagerFactoryBean : Initialized JPA EntityManagerFactory for persistence unit 'default'
2025-03-31T19:26:16.585+05:30  INFO 72411 --- [main] org.mongodb.driver.client                : MongoClient with metadata {"driver": {"name": "mongo-java-driver|sync|spring-boot", "version": "4.9.1"}, "os": {"type": "Darwin", "name": "Mac OS X", "architecture": "x86_64", "version": "12.2"}, "platform": "Java/Amazon.com Inc./17.0.7+7-LTS"} created with settings MongoClientSettings{readPreference=primary, writeConcern=WriteConcern{w=null, wTimeout=null ms, journal=null}, retryWrites=true, retryReads=true, readConcern=ReadConcern{level=null}, credential=null, streamFactoryFactory=null, commandListeners=[], codecRegistry=ProvidersCodecRegistry{codecProviders=[ValueCodecProvider{}, BsonValueCodecProvider{}, DBRefCodecProvider{}, DBObjectCodecProvider{}, DocumentCodecProvider{}, CollectionCodecProvider{}, IterableCodecProvider{}, MapCodecProvider{}, GeoJsonCodecProvider{}, GridFSFileCodecProvider{}, Jsr310CodecProvider{}, JsonObjectCodecProvider{}, BsonCodecProvider{}, EnumCodecProvider{}, com.mongodb.client.model.mql.ExpressionCodecProvider@15d2ea6b, com.mongodb.Jep395RecordCodecProvider@3fc14dc0]}, loggerSettings=LoggerSettings{maxDocumentLength=1000}, clusterSettings={hosts=[localhost:27017], srvServiceName=mongodb, mode=SINGLE, requiredClusterType=UNKNOWN, requiredReplicaSetName='null', serverSelector='null', clusterListeners='[]', serverSelectionTimeout='30000 ms', localThreshold='30000 ms'}, socketSettings=SocketSettings{connectTimeoutMS=10000, readTimeoutMS=0, receiveBufferSize=0, sendBufferSize=0}, heartbeatSocketSettings=SocketSettings{connectTimeoutMS=10000, readTimeoutMS=10000, receiveBufferSize=0, sendBufferSize=0}, connectionPoolSettings=ConnectionPoolSettings{maxSize=100, minSize=0, maxWaitTimeMS=120000, maxConnectionLifeTimeMS=0, maxConnectionIdleTimeMS=0, maintenanceInitialDelayMS=0, maintenanceFrequencyMS=60000, connectionPoolListeners=[], maxConnecting=2}, serverSettings=ServerSettings{heartbeatFrequencyMS=10000, minHeartbeatFrequencyMS=500, serverListeners='[]', serverMonitorListeners='[]'}, sslSettings=SslSettings{enabled=false, invalidHostNameAllowed=false, context=null}, applicationName='null', compressorList=[], uuidRepresentation=JAVA_LEGACY, serverApi=null, autoEncryptionSettings=null, contextProvider=null}
2025-03-31T19:26:16.610+05:30  INFO 72411 --- [cluster-ClusterId{value='67ea9f00224aad3df54a814a', description='null'}-localhost:27017] org.mongodb.driver.cluster               : Monitor thread successfully connected to server with description ServerDescription{address=localhost:27017, type=STANDALONE, state=CONNECTED, ok=true, minWireVersion=0, maxWireVersion=25, maxDocumentSize=16777216, logicalSessionTimeoutMinutes=30, roundTripTimeNanos=33645791}
2025-03-31T19:26:17.026+05:30  WARN 72411 --- [main] JpaBaseConfiguration$JpaWebConfiguration : spring.jpa.open-in-view is enabled by default. Therefore, database queries may be performed during view rendering. Explicitly configure spring.jpa.open-in-view to disable this warning
2025-03-31T19:26:17.508+05:30  INFO 72411 --- [main] org.quartz.impl.StdSchedulerFactory      : Using default implementation for ThreadExecutor
2025-03-31T19:26:17.517+05:30  INFO 72411 --- [main] org.quartz.core.SchedulerSignalerImpl    : Initialized Scheduler Signaller of type: class org.quartz.core.SchedulerSignalerImpl
2025-03-31T19:26:17.518+05:30  INFO 72411 --- [main] org.quartz.core.QuartzScheduler          : Quartz Scheduler v.2.3.2 created.
2025-03-31T19:26:17.518+05:30  INFO 72411 --- [main] org.quartz.simpl.RAMJobStore             : RAMJobStore initialized.
2025-03-31T19:26:17.519+05:30  INFO 72411 --- [main] org.quartz.core.QuartzScheduler          : Scheduler meta-data: Quartz Scheduler (v2.3.2) 'quartzScheduler' with instanceId 'NON_CLUSTERED'
  Scheduler class: 'org.quartz.core.QuartzScheduler' - running locally.
  NOT STARTED.
  Currently in standby mode.
  Number of jobs executed: 0
  Using thread pool 'org.quartz.simpl.SimpleThreadPool' - with 10 threads.
  Using job-store 'org.quartz.simpl.RAMJobStore' - which does not support persistence. and is not clustered.

2025-03-31T19:26:17.519+05:30  INFO 72411 --- [main] org.quartz.impl.StdSchedulerFactory      : Quartz scheduler 'quartzScheduler' initialized from an externally provided properties instance.
2025-03-31T19:26:17.519+05:30  INFO 72411 --- [main] org.quartz.impl.StdSchedulerFactory      : Quartz scheduler version: 2.3.2
2025-03-31T19:26:17.519+05:30  INFO 72411 --- [main] org.quartz.core.QuartzScheduler          : JobFactory set to: org.springframework.scheduling.quartz.SpringBeanJobFactory@711261c7
2025-03-31T19:26:17.631+05:30  INFO 72411 --- [main] o.s.b.w.embedded.tomcat.TomcatWebServer  : Tomcat started on port(s): 8080 (http) with context path ''
2025-03-31T19:26:17.634+05:30  INFO 72411 --- [main] o.s.s.quartz.SchedulerFactoryBean        : Starting Quartz Scheduler now
2025-03-31T19:26:17.635+05:30  INFO 72411 --- [main] org.quartz.core.QuartzScheduler          : Scheduler quartzScheduler_$_NON_CLUSTERED started.
2025-03-31T19:26:17.650+05:30  INFO 72411 --- [main] c.sai.sprinto.policy.PolicyApplication   : Started PolicyApplication in 8.833 seconds (process running for 9.481)
2025-03-31T19:26:21.225+05:30  INFO 72411 --- [http-nio-8080-exec-1] o.a.c.c.C.[Tomcat].[localhost].[/]       : Initializing Spring DispatcherServlet 'dispatcherServlet'
2025-03-31T19:26:21.239+05:30  INFO 72411 --- [http-nio-8080-exec-1] o.s.web.servlet.DispatcherServlet        : Initializing Servlet 'dispatcherServlet'
2025-03-31T19:26:21.248+05:30  INFO 72411 --- [http-nio-8080-exec-1] o.s.web.servlet.DispatcherServlet        : Completed initialization in 8 ms
2025-03-31T19:26:36.978+05:30  INFO 72411 --- [http-nio-8080-exec-1] c.s.s.p.l.AcknowledgementListener        : Created: Acknowledgement(id=null, userId=05fb9631-af07-423f-bdbb-f08566357589, policyId=6d65c24a-ae17-479e-85ac-aed4a18aa822)
2025-03-31T19:27:11.250+05:30  INFO 72411 --- [http-nio-8080-exec-5] c.s.s.p.l.AcknowledgementListener        : Created: Acknowledgement(id=null, userId=05fb9631-af07-423f-bdbb-f08566357589, policyId=858ac2dd-36cc-4e22-988d-2f63b82a4896)
2025-03-31T19:27:14.250+05:30  INFO 72411 --- [http-nio-8080-exec-6] c.s.s.p.l.AcknowledgementListener        : Created: Acknowledgement(id=null, userId=05fb9631-af07-423f-bdbb-f08566357589, policyId=5c1c2fc5-63e6-4c49-8004-8913d6135236)
2025-03-31T19:27:15.648+05:30  INFO 72411 --- [http-nio-8080-exec-8] c.s.s.p.l.AcknowledgementListener        : Created: Acknowledgement(id=null, userId=05fb9631-af07-423f-bdbb-f08566357589, policyId=743370aa-3214-4d29-8a9f-12f7270cf6b3)
2025-03-31T19:36:08.889+05:30  INFO 72952 --- [main] c.sai.sprinto.policy.PolicyApplication   : Starting PolicyApplication using Java 17.0.7 with PID 72952 (/Users/saiashishdarapureddy/Desktop/sai/folders/projects/sprinto/policy/build/classes/java/main started by saiashishdarapureddy in /Users/saiashishdarapureddy/Desktop/sai/folders/projects/sprinto/policy)
2025-03-31T19:36:08.897+05:30  INFO 72952 --- [main] c.sai.sprinto.policy.PolicyApplication   : No active profile set, falling back to 1 default profile: "default"
2025-03-31T19:36:10.489+05:30  INFO 72952 --- [main] .s.d.r.c.RepositoryConfigurationDelegate : Multiple Spring Data modules found, entering strict repository configuration mode
2025-03-31T19:36:10.492+05:30  INFO 72952 --- [main] .s.d.r.c.RepositoryConfigurationDelegate : Bootstrapping Spring Data JPA repositories in DEFAULT mode.
2025-03-31T19:36:10.644+05:30  INFO 72952 --- [main] .RepositoryConfigurationExtensionSupport : Spring Data JPA - Could not safely identify store assignment for repository candidate interface com.sai.sprinto.policy.repository.PolicyRepository; If you want this repository to be a JPA repository, consider annotating your entities with one of these annotations: jakarta.persistence.Entity, jakarta.persistence.MappedSuperclass (preferred), or consider extending one of the following types with your repository: org.springframework.data.jpa.repository.JpaRepository
2025-03-31T19:36:10.708+05:30  INFO 72952 --- [main] .s.d.r.c.RepositoryConfigurationDelegate : Finished Spring Data repository scanning in 195 ms. Found 2 JPA repository interfaces.
2025-03-31T19:36:10.855+05:30  INFO 72952 --- [main] .s.d.r.c.RepositoryConfigurationDelegate : Multiple Spring Data modules found, entering strict repository configuration mode
2025-03-31T19:36:10.855+05:30  INFO 72952 --- [main] .s.d.r.c.RepositoryConfigurationDelegate : Bootstrapping Spring Data MongoDB repositories in DEFAULT mode.
2025-03-31T19:36:10.881+05:30  INFO 72952 --- [main] .RepositoryConfigurationExtensionSupport : Spring Data MongoDB - Could not safely identify store assignment for repository candidate interface com.sai.sprinto.policy.repository.AcknowledgementRepository; If you want this repository to be a MongoDB repository, consider annotating your entities with one of these annotations: org.springframework.data.mongodb.core.mapping.Document (preferred), or consider extending one of the following types with your repository: org.springframework.data.mongodb.repository.MongoRepository
2025-03-31T19:36:10.883+05:30  INFO 72952 --- [main] .RepositoryConfigurationExtensionSupport : Spring Data MongoDB - Could not safely identify store assignment for repository candidate interface com.sai.sprinto.policy.repository.UserRepository; If you want this repository to be a MongoDB repository, consider annotating your entities with one of these annotations: org.springframework.data.mongodb.core.mapping.Document (preferred), or consider extending one of the following types with your repository: org.springframework.data.mongodb.repository.MongoRepository
2025-03-31T19:36:10.903+05:30  INFO 72952 --- [main] .s.d.r.c.RepositoryConfigurationDelegate : Finished Spring Data repository scanning in 47 ms. Found 1 MongoDB repository interfaces.
2025-03-31T19:36:12.166+05:30  INFO 72952 --- [main] o.s.b.w.embedded.tomcat.TomcatWebServer  : Tomcat initialized with port(s): 8080 (http)
2025-03-31T19:36:12.180+05:30  INFO 72952 --- [main] o.apache.catalina.core.StandardService   : Starting service [Tomcat]
2025-03-31T19:36:12.180+05:30  INFO 72952 --- [main] o.apache.catalina.core.StandardEngine    : Starting Servlet engine: [Apache Tomcat/10.1.13]
2025-03-31T19:36:12.564+05:30  INFO 72952 --- [main] o.a.c.c.C.[Tomcat].[localhost].[/]       : Initializing Spring embedded WebApplicationContext
2025-03-31T19:36:12.567+05:30  INFO 72952 --- [main] w.s.c.ServletWebServerApplicationContext : Root WebApplicationContext: initialization completed in 3569 ms
2025-03-31T19:36:13.366+05:30  INFO 72952 --- [main] o.hibernate.jpa.internal.util.LogHelper  : HHH000204: Processing PersistenceUnitInfo [name: default]
2025-03-31T19:36:13.563+05:30  INFO 72952 --- [main] org.hibernate.Version                    : HHH000412: Hibernate ORM core version 6.2.9.Final
2025-03-31T19:36:13.571+05:30  INFO 72952 --- [main] org.hibernate.cfg.Environment            : HHH000406: Using bytecode reflection optimizer
2025-03-31T19:36:13.998+05:30  INFO 72952 --- [main] o.h.b.i.BytecodeProviderInitiator        : HHH000021: Bytecode provider name : bytebuddy
2025-03-31T19:36:14.744+05:30  INFO 72952 --- [main] o.s.o.j.p.SpringPersistenceUnitInfo      : No LoadTimeWeaver setup: ignoring JPA class transformer
2025-03-31T19:36:14.892+05:30  INFO 72952 --- [main] com.zaxxer.hikari.HikariDataSource       : HikariPool-1 - Starting...
2025-03-31T19:36:15.482+05:30  INFO 72952 --- [main] com.zaxxer.hikari.pool.HikariPool        : HikariPool-1 - Added connection com.mysql.cj.jdbc.ConnectionImpl@6e9a10cd
2025-03-31T19:36:15.489+05:30  INFO 72952 --- [main] com.zaxxer.hikari.HikariDataSource       : HikariPool-1 - Start completed.
2025-03-31T19:36:15.866+05:30  INFO 72952 --- [main] o.h.b.i.BytecodeProviderInitiator        : HHH000021: Bytecode provider name : bytebuddy
2025-03-31T19:36:16.692+05:30  INFO 72952 --- [main] o.h.e.t.j.p.i.JtaPlatformInitiator       : HHH000490: Using JtaPlatform implementation: [org.hibernate.engine.transaction.jta.platform.internal.NoJtaPlatform]
2025-03-31T19:36:16.796+05:30  INFO 72952 --- [main] j.LocalContainerEntityManagerFactoryBean : Initialized JPA EntityManagerFactory for persistence unit 'default'
2025-03-31T19:36:18.377+05:30  INFO 72952 --- [main] org.mongodb.driver.client                : MongoClient with metadata {"driver": {"name": "mongo-java-driver|sync|spring-boot", "version": "4.9.1"}, "os": {"type": "Darwin", "name": "Mac OS X", "architecture": "x86_64", "version": "12.2"}, "platform": "Java/Amazon.com Inc./17.0.7+7-LTS"} created with settings MongoClientSettings{readPreference=primary, writeConcern=WriteConcern{w=null, wTimeout=null ms, journal=null}, retryWrites=true, retryReads=true, readConcern=ReadConcern{level=null}, credential=null, streamFactoryFactory=null, commandListeners=[], codecRegistry=ProvidersCodecRegistry{codecProviders=[ValueCodecProvider{}, BsonValueCodecProvider{}, DBRefCodecProvider{}, DBObjectCodecProvider{}, DocumentCodecProvider{}, CollectionCodecProvider{}, IterableCodecProvider{}, MapCodecProvider{}, GeoJsonCodecProvider{}, GridFSFileCodecProvider{}, Jsr310CodecProvider{}, JsonObjectCodecProvider{}, BsonCodecProvider{}, EnumCodecProvider{}, com.mongodb.client.model.mql.ExpressionCodecProvider@d763b06, com.mongodb.Jep395RecordCodecProvider@2526d5f9]}, loggerSettings=LoggerSettings{maxDocumentLength=1000}, clusterSettings={hosts=[localhost:27017], srvServiceName=mongodb, mode=SINGLE, requiredClusterType=UNKNOWN, requiredReplicaSetName='null', serverSelector='null', clusterListeners='[]', serverSelectionTimeout='30000 ms', localThreshold='30000 ms'}, socketSettings=SocketSettings{connectTimeoutMS=10000, readTimeoutMS=0, receiveBufferSize=0, sendBufferSize=0}, heartbeatSocketSettings=SocketSettings{connectTimeoutMS=10000, readTimeoutMS=10000, receiveBufferSize=0, sendBufferSize=0}, connectionPoolSettings=ConnectionPoolSettings{maxSize=100, minSize=0, maxWaitTimeMS=120000, maxConnectionLifeTimeMS=0, maxConnectionIdleTimeMS=0, maintenanceInitialDelayMS=0, maintenanceFrequencyMS=60000, connectionPoolListeners=[], maxConnecting=2}, serverSettings=ServerSettings{heartbeatFrequencyMS=10000, minHeartbeatFrequencyMS=500, serverListeners='[]', serverMonitorListeners='[]'}, sslSettings=SslSettings{enabled=false, invalidHostNameAllowed=false, context=null}, applicationName='null', compressorList=[], uuidRepresentation=JAVA_LEGACY, serverApi=null, autoEncryptionSettings=null, contextProvider=null}
2025-03-31T19:36:18.426+05:30  INFO 72952 --- [cluster-ClusterId{value='67eaa15a1a7b06779bdc78ab', description='null'}-localhost:27017] org.mongodb.driver.cluster               : Monitor thread successfully connected to server with description ServerDescription{address=localhost:27017, type=STANDALONE, state=CONNECTED, ok=true, minWireVersion=0, maxWireVersion=25, maxDocumentSize=16777216, logicalSessionTimeoutMinutes=30, roundTripTimeNanos=95431125}
2025-03-31T19:36:19.321+05:30  WARN 72952 --- [main] JpaBaseConfiguration$JpaWebConfiguration : spring.jpa.open-in-view is enabled by default. Therefore, database queries may be performed during view rendering. Explicitly configure spring.jpa.open-in-view to disable this warning
2025-03-31T19:36:19.854+05:30  INFO 72952 --- [main] org.quartz.impl.StdSchedulerFactory      : Using default implementation for ThreadExecutor
2025-03-31T19:36:19.867+05:30  INFO 72952 --- [main] org.quartz.core.SchedulerSignalerImpl    : Initialized Scheduler Signaller of type: class org.quartz.core.SchedulerSignalerImpl
2025-03-31T19:36:19.867+05:30  INFO 72952 --- [main] org.quartz.core.QuartzScheduler          : Quartz Scheduler v.2.3.2 created.
2025-03-31T19:36:19.867+05:30  INFO 72952 --- [main] org.quartz.simpl.RAMJobStore             : RAMJobStore initialized.
2025-03-31T19:36:19.868+05:30  INFO 72952 --- [main] org.quartz.core.QuartzScheduler          : Scheduler meta-data: Quartz Scheduler (v2.3.2) 'quartzScheduler' with instanceId 'NON_CLUSTERED'
  Scheduler class: 'org.quartz.core.QuartzScheduler' - running locally.
  NOT STARTED.
  Currently in standby mode.
  Number of jobs executed: 0
  Using thread pool 'org.quartz.simpl.SimpleThreadPool' - with 10 threads.
  Using job-store 'org.quartz.simpl.RAMJobStore' - which does not support persistence. and is not clustered.

2025-03-31T19:36:19.868+05:30  INFO 72952 --- [main] org.quartz.impl.StdSchedulerFactory      : Quartz scheduler 'quartzScheduler' initialized from an externally provided properties instance.
2025-03-31T19:36:19.868+05:30  INFO 72952 --- [main] org.quartz.impl.StdSchedulerFactory      : Quartz scheduler version: 2.3.2
2025-03-31T19:36:19.868+05:30  INFO 72952 --- [main] org.quartz.core.QuartzScheduler          : JobFactory set to: org.springframework.scheduling.quartz.SpringBeanJobFactory@4d4337f9
2025-03-31T19:36:19.931+05:30  INFO 72952 --- [main] o.s.b.w.embedded.tomcat.TomcatWebServer  : Tomcat started on port(s): 8080 (http) with context path ''
2025-03-31T19:36:19.933+05:30  INFO 72952 --- [main] o.s.s.quartz.SchedulerFactoryBean        : Starting Quartz Scheduler now
2025-03-31T19:36:19.934+05:30  INFO 72952 --- [main] org.quartz.core.QuartzScheduler          : Scheduler quartzScheduler_$_NON_CLUSTERED started.
2025-03-31T19:36:19.958+05:30  INFO 72952 --- [main] c.sai.sprinto.policy.PolicyApplication   : Started PolicyApplication in 11.894 seconds (process running for 12.566)
2025-03-31T19:36:26.955+05:30  INFO 72952 --- [http-nio-8080-exec-1] o.a.c.c.C.[Tomcat].[localhost].[/]       : Initializing Spring DispatcherServlet 'dispatcherServlet'
2025-03-31T19:36:26.955+05:30  INFO 72952 --- [http-nio-8080-exec-1] o.s.web.servlet.DispatcherServlet        : Initializing Servlet 'dispatcherServlet'
2025-03-31T19:36:26.962+05:30  INFO 72952 --- [http-nio-8080-exec-1] o.s.web.servlet.DispatcherServlet        : Completed initialization in 7 ms
2025-03-31T19:45:18.430+05:30  WARN 72952 --- [HikariPool-1 housekeeper] com.zaxxer.hikari.pool.HikariPool        : HikariPool-1 - Thread starvation or clock leap detected (housekeeper delta=2m2s807ms).
2025-03-31T20:55:12.393+05:30  WARN 72952 --- [HikariPool-1 housekeeper] com.zaxxer.hikari.pool.HikariPool        : HikariPool-1 - Thread starvation or clock leap detected (housekeeper delta=1h6m23s925ms).
2025-03-31T21:13:23.342+05:30  WARN 72952 --- [HikariPool-1 housekeeper] com.zaxxer.hikari.pool.HikariPool        : HikariPool-1 - Thread starvation or clock leap detected (housekeeper delta=18m10s950ms).
2025-03-31T21:32:45.146+05:30  INFO 74637 --- [main] c.sai.sprinto.policy.PolicyApplication   : Starting PolicyApplication using Java 17.0.7 with PID 74637 (/Users/saiashishdarapureddy/Desktop/sai/folders/projects/sprinto/policy/build/classes/java/main started by saiashishdarapureddy in /Users/saiashishdarapureddy/Desktop/sai/folders/projects/sprinto/policy)
2025-03-31T21:32:45.162+05:30  INFO 74637 --- [main] c.sai.sprinto.policy.PolicyApplication   : No active profile set, falling back to 1 default profile: "default"
2025-03-31T21:32:46.691+05:30  INFO 74637 --- [main] .s.d.r.c.RepositoryConfigurationDelegate : Multiple Spring Data modules found, entering strict repository configuration mode
2025-03-31T21:32:46.696+05:30  INFO 74637 --- [main] .s.d.r.c.RepositoryConfigurationDelegate : Bootstrapping Spring Data JPA repositories in DEFAULT mode.
2025-03-31T21:32:46.807+05:30  INFO 74637 --- [main] .RepositoryConfigurationExtensionSupport : Spring Data JPA - Could not safely identify store assignment for repository candidate interface com.sai.sprinto.policy.repository.PolicyRepository; If you want this repository to be a JPA repository, consider annotating your entities with one of these annotations: jakarta.persistence.Entity, jakarta.persistence.MappedSuperclass (preferred), or consider extending one of the following types with your repository: org.springframework.data.jpa.repository.JpaRepository
2025-03-31T21:32:46.849+05:30  INFO 74637 --- [main] .s.d.r.c.RepositoryConfigurationDelegate : Finished Spring Data repository scanning in 143 ms. Found 2 JPA repository interfaces.
2025-03-31T21:32:46.928+05:30  INFO 74637 --- [main] .s.d.r.c.RepositoryConfigurationDelegate : Multiple Spring Data modules found, entering strict repository configuration mode
2025-03-31T21:32:46.929+05:30  INFO 74637 --- [main] .s.d.r.c.RepositoryConfigurationDelegate : Bootstrapping Spring Data MongoDB repositories in DEFAULT mode.
2025-03-31T21:32:46.953+05:30  INFO 74637 --- [main] .RepositoryConfigurationExtensionSupport : Spring Data MongoDB - Could not safely identify store assignment for repository candidate interface com.sai.sprinto.policy.repository.AcknowledgementRepository; If you want this repository to be a MongoDB repository, consider annotating your entities with one of these annotations: org.springframework.data.mongodb.core.mapping.Document (preferred), or consider extending one of the following types with your repository: org.springframework.data.mongodb.repository.MongoRepository
2025-03-31T21:32:46.955+05:30  INFO 74637 --- [main] .RepositoryConfigurationExtensionSupport : Spring Data MongoDB - Could not safely identify store assignment for repository candidate interface com.sai.sprinto.policy.repository.UserRepository; If you want this repository to be a MongoDB repository, consider annotating your entities with one of these annotations: org.springframework.data.mongodb.core.mapping.Document (preferred), or consider extending one of the following types with your repository: org.springframework.data.mongodb.repository.MongoRepository
2025-03-31T21:32:46.977+05:30  INFO 74637 --- [main] .s.d.r.c.RepositoryConfigurationDelegate : Finished Spring Data repository scanning in 47 ms. Found 1 MongoDB repository interfaces.
2025-03-31T21:32:48.320+05:30  INFO 74637 --- [main] o.s.b.w.embedded.tomcat.TomcatWebServer  : Tomcat initialized with port(s): 8080 (http)
2025-03-31T21:32:48.331+05:30  INFO 74637 --- [main] o.apache.catalina.core.StandardService   : Starting service [Tomcat]
2025-03-31T21:32:48.332+05:30  INFO 74637 --- [main] o.apache.catalina.core.StandardEngine    : Starting Servlet engine: [Apache Tomcat/10.1.13]
2025-03-31T21:32:48.528+05:30  INFO 74637 --- [main] o.a.c.c.C.[Tomcat].[localhost].[/]       : Initializing Spring embedded WebApplicationContext
2025-03-31T21:32:48.532+05:30  INFO 74637 --- [main] w.s.c.ServletWebServerApplicationContext : Root WebApplicationContext: initialization completed in 3274 ms
2025-03-31T21:32:48.838+05:30  INFO 74637 --- [main] o.hibernate.jpa.internal.util.LogHelper  : HHH000204: Processing PersistenceUnitInfo [name: default]
2025-03-31T21:32:48.888+05:30  INFO 74637 --- [main] org.hibernate.Version                    : HHH000412: Hibernate ORM core version 6.2.9.Final
2025-03-31T21:32:48.890+05:30  INFO 74637 --- [main] org.hibernate.cfg.Environment            : HHH000406: Using bytecode reflection optimizer
2025-03-31T21:32:49.023+05:30  INFO 74637 --- [main] o.h.b.i.BytecodeProviderInitiator        : HHH000021: Bytecode provider name : bytebuddy
2025-03-31T21:32:49.148+05:30  INFO 74637 --- [main] o.s.o.j.p.SpringPersistenceUnitInfo      : No LoadTimeWeaver setup: ignoring JPA class transformer
2025-03-31T21:32:49.167+05:30  INFO 74637 --- [main] com.zaxxer.hikari.HikariDataSource       : HikariPool-1 - Starting...
2025-03-31T21:32:49.704+05:30  INFO 74637 --- [main] com.zaxxer.hikari.pool.HikariPool        : HikariPool-1 - Added connection com.mysql.cj.jdbc.ConnectionImpl@6f3b13d0
2025-03-31T21:32:49.709+05:30  INFO 74637 --- [main] com.zaxxer.hikari.HikariDataSource       : HikariPool-1 - Start completed.
2025-03-31T21:32:50.092+05:30  INFO 74637 --- [main] o.h.b.i.BytecodeProviderInitiator        : HHH000021: Bytecode provider name : bytebuddy
2025-03-31T21:32:51.011+05:30  INFO 74637 --- [main] o.h.e.t.j.p.i.JtaPlatformInitiator       : HHH000490: Using JtaPlatform implementation: [org.hibernate.engine.transaction.jta.platform.internal.NoJtaPlatform]
2025-03-31T21:32:51.285+05:30  INFO 74637 --- [main] j.LocalContainerEntityManagerFactoryBean : Initialized JPA EntityManagerFactory for persistence unit 'default'
2025-03-31T21:32:52.179+05:30  INFO 74637 --- [main] org.mongodb.driver.client                : MongoClient with metadata {"driver": {"name": "mongo-java-driver|sync|spring-boot", "version": "4.9.1"}, "os": {"type": "Darwin", "name": "Mac OS X", "architecture": "x86_64", "version": "12.2"}, "platform": "Java/Amazon.com Inc./17.0.7+7-LTS"} created with settings MongoClientSettings{readPreference=primary, writeConcern=WriteConcern{w=null, wTimeout=null ms, journal=null}, retryWrites=true, retryReads=true, readConcern=ReadConcern{level=null}, credential=null, streamFactoryFactory=null, commandListeners=[], codecRegistry=ProvidersCodecRegistry{codecProviders=[ValueCodecProvider{}, BsonValueCodecProvider{}, DBRefCodecProvider{}, DBObjectCodecProvider{}, DocumentCodecProvider{}, CollectionCodecProvider{}, IterableCodecProvider{}, MapCodecProvider{}, GeoJsonCodecProvider{}, GridFSFileCodecProvider{}, Jsr310CodecProvider{}, JsonObjectCodecProvider{}, BsonCodecProvider{}, EnumCodecProvider{}, com.mongodb.client.model.mql.ExpressionCodecProvider@7683ea43, com.mongodb.Jep395RecordCodecProvider@15a41088]}, loggerSettings=LoggerSettings{maxDocumentLength=1000}, clusterSettings={hosts=[localhost:27017], srvServiceName=mongodb, mode=SINGLE, requiredClusterType=UNKNOWN, requiredReplicaSetName='null', serverSelector='null', clusterListeners='[]', serverSelectionTimeout='30000 ms', localThreshold='30000 ms'}, socketSettings=SocketSettings{connectTimeoutMS=10000, readTimeoutMS=0, receiveBufferSize=0, sendBufferSize=0}, heartbeatSocketSettings=SocketSettings{connectTimeoutMS=10000, readTimeoutMS=10000, receiveBufferSize=0, sendBufferSize=0}, connectionPoolSettings=ConnectionPoolSettings{maxSize=100, minSize=0, maxWaitTimeMS=120000, maxConnectionLifeTimeMS=0, maxConnectionIdleTimeMS=0, maintenanceInitialDelayMS=0, maintenanceFrequencyMS=60000, connectionPoolListeners=[], maxConnecting=2}, serverSettings=ServerSettings{heartbeatFrequencyMS=10000, minHeartbeatFrequencyMS=500, serverListeners='[]', serverMonitorListeners='[]'}, sslSettings=SslSettings{enabled=false, invalidHostNameAllowed=false, context=null}, applicationName='null', compressorList=[], uuidRepresentation=JAVA_LEGACY, serverApi=null, autoEncryptionSettings=null, contextProvider=null}
2025-03-31T21:32:52.226+05:30  INFO 74637 --- [cluster-ClusterId{value='67eabcac3aa9e3371fe8c9e8', description='null'}-localhost:27017] org.mongodb.driver.cluster               : Monitor thread successfully connected to server with description ServerDescription{address=localhost:27017, type=STANDALONE, state=CONNECTED, ok=true, minWireVersion=0, maxWireVersion=25, maxDocumentSize=16777216, logicalSessionTimeoutMinutes=30, roundTripTimeNanos=57193959}
2025-03-31T21:32:52.689+05:30  WARN 74637 --- [main] JpaBaseConfiguration$JpaWebConfiguration : spring.jpa.open-in-view is enabled by default. Therefore, database queries may be performed during view rendering. Explicitly configure spring.jpa.open-in-view to disable this warning
2025-03-31T21:32:53.215+05:30  INFO 74637 --- [main] org.quartz.impl.StdSchedulerFactory      : Using default implementation for ThreadExecutor
2025-03-31T21:32:53.227+05:30  INFO 74637 --- [main] org.quartz.core.SchedulerSignalerImpl    : Initialized Scheduler Signaller of type: class org.quartz.core.SchedulerSignalerImpl
2025-03-31T21:32:53.227+05:30  INFO 74637 --- [main] org.quartz.core.QuartzScheduler          : Quartz Scheduler v.2.3.2 created.
2025-03-31T21:32:53.228+05:30  INFO 74637 --- [main] org.quartz.simpl.RAMJobStore             : RAMJobStore initialized.
2025-03-31T21:32:53.228+05:30  INFO 74637 --- [main] org.quartz.core.QuartzScheduler          : Scheduler meta-data: Quartz Scheduler (v2.3.2) 'quartzScheduler' with instanceId 'NON_CLUSTERED'
  Scheduler class: 'org.quartz.core.QuartzScheduler' - running locally.
  NOT STARTED.
  Currently in standby mode.
  Number of jobs executed: 0
  Using thread pool 'org.quartz.simpl.SimpleThreadPool' - with 10 threads.
  Using job-store 'org.quartz.simpl.RAMJobStore' - which does not support persistence. and is not clustered.

2025-03-31T21:32:53.228+05:30  INFO 74637 --- [main] org.quartz.impl.StdSchedulerFactory      : Quartz scheduler 'quartzScheduler' initialized from an externally provided properties instance.
2025-03-31T21:32:53.228+05:30  INFO 74637 --- [main] org.quartz.impl.StdSchedulerFactory      : Quartz scheduler version: 2.3.2
2025-03-31T21:32:53.229+05:30  INFO 74637 --- [main] org.quartz.core.QuartzScheduler          : JobFactory set to: org.springframework.scheduling.quartz.SpringBeanJobFactory@4830c979
2025-03-31T21:32:53.298+05:30  INFO 74637 --- [main] o.s.b.w.embedded.tomcat.TomcatWebServer  : Tomcat started on port(s): 8080 (http) with context path ''
2025-03-31T21:32:53.301+05:30  INFO 74637 --- [main] o.s.s.quartz.SchedulerFactoryBean        : Starting Quartz Scheduler now
2025-03-31T21:32:53.302+05:30  INFO 74637 --- [main] org.quartz.core.QuartzScheduler          : Scheduler quartzScheduler_$_NON_CLUSTERED started.
2025-03-31T21:32:53.313+05:30  INFO 74637 --- [main] c.sai.sprinto.policy.PolicyApplication   : Started PolicyApplication in 9.04 seconds (process running for 9.714)
2025-03-31T21:33:34.447+05:30  INFO 74637 --- [http-nio-8080-exec-1] o.a.c.c.C.[Tomcat].[localhost].[/]       : Initializing Spring DispatcherServlet 'dispatcherServlet'
2025-03-31T21:33:34.455+05:30  INFO 74637 --- [http-nio-8080-exec-1] o.s.web.servlet.DispatcherServlet        : Initializing Servlet 'dispatcherServlet'
2025-03-31T21:33:34.478+05:30  INFO 74637 --- [http-nio-8080-exec-1] o.s.web.servlet.DispatcherServlet        : Completed initialization in 20 ms
2025-03-31T21:40:36.653+05:30  INFO 75201 --- [main] c.sai.sprinto.policy.PolicyApplication   : Starting PolicyApplication using Java 17.0.7 with PID 75201 (/Users/saiashishdarapureddy/Desktop/sai/folders/projects/sprinto/policy/build/classes/java/main started by saiashishdarapureddy in /Users/saiashishdarapureddy/Desktop/sai/folders/projects/sprinto/policy)
2025-03-31T21:40:36.661+05:30  INFO 75201 --- [main] c.sai.sprinto.policy.PolicyApplication   : No active profile set, falling back to 1 default profile: "default"
2025-03-31T21:40:38.124+05:30  INFO 75201 --- [main] .s.d.r.c.RepositoryConfigurationDelegate : Multiple Spring Data modules found, entering strict repository configuration mode
2025-03-31T21:40:38.126+05:30  INFO 75201 --- [main] .s.d.r.c.RepositoryConfigurationDelegate : Bootstrapping Spring Data JPA repositories in DEFAULT mode.
2025-03-31T21:40:38.211+05:30  INFO 75201 --- [main] .RepositoryConfigurationExtensionSupport : Spring Data JPA - Could not safely identify store assignment for repository candidate interface com.sai.sprinto.policy.repository.PolicyRepository; If you want this repository to be a JPA repository, consider annotating your entities with one of these annotations: jakarta.persistence.Entity, jakarta.persistence.MappedSuperclass (preferred), or consider extending one of the following types with your repository: org.springframework.data.jpa.repository.JpaRepository
2025-03-31T21:40:38.240+05:30  INFO 75201 --- [main] .s.d.r.c.RepositoryConfigurationDelegate : Finished Spring Data repository scanning in 105 ms. Found 2 JPA repository interfaces.
2025-03-31T21:40:38.299+05:30  INFO 75201 --- [main] .s.d.r.c.RepositoryConfigurationDelegate : Multiple Spring Data modules found, entering strict repository configuration mode
2025-03-31T21:40:38.299+05:30  INFO 75201 --- [main] .s.d.r.c.RepositoryConfigurationDelegate : Bootstrapping Spring Data MongoDB repositories in DEFAULT mode.
2025-03-31T21:40:38.323+05:30  INFO 75201 --- [main] .RepositoryConfigurationExtensionSupport : Spring Data MongoDB - Could not safely identify store assignment for repository candidate interface com.sai.sprinto.policy.repository.AcknowledgementRepository; If you want this repository to be a MongoDB repository, consider annotating your entities with one of these annotations: org.springframework.data.mongodb.core.mapping.Document (preferred), or consider extending one of the following types with your repository: org.springframework.data.mongodb.repository.MongoRepository
2025-03-31T21:40:38.325+05:30  INFO 75201 --- [main] .RepositoryConfigurationExtensionSupport : Spring Data MongoDB - Could not safely identify store assignment for repository candidate interface com.sai.sprinto.policy.repository.UserRepository; If you want this repository to be a MongoDB repository, consider annotating your entities with one of these annotations: org.springframework.data.mongodb.core.mapping.Document (preferred), or consider extending one of the following types with your repository: org.springframework.data.mongodb.repository.MongoRepository
2025-03-31T21:40:38.339+05:30  INFO 75201 --- [main] .s.d.r.c.RepositoryConfigurationDelegate : Finished Spring Data repository scanning in 39 ms. Found 1 MongoDB repository interfaces.
2025-03-31T21:40:39.574+05:30  INFO 75201 --- [main] o.s.b.w.embedded.tomcat.TomcatWebServer  : Tomcat initialized with port(s): 8080 (http)
2025-03-31T21:40:39.592+05:30  INFO 75201 --- [main] o.apache.catalina.core.StandardService   : Starting service [Tomcat]
2025-03-31T21:40:39.592+05:30  INFO 75201 --- [main] o.apache.catalina.core.StandardEngine    : Starting Servlet engine: [Apache Tomcat/10.1.13]
2025-03-31T21:40:39.750+05:30  INFO 75201 --- [main] o.a.c.c.C.[Tomcat].[localhost].[/]       : Initializing Spring embedded WebApplicationContext
2025-03-31T21:40:39.752+05:30  INFO 75201 --- [main] w.s.c.ServletWebServerApplicationContext : Root WebApplicationContext: initialization completed in 3000 ms
2025-03-31T21:40:40.078+05:30  INFO 75201 --- [main] o.hibernate.jpa.internal.util.LogHelper  : HHH000204: Processing PersistenceUnitInfo [name: default]
2025-03-31T21:40:40.126+05:30  INFO 75201 --- [main] org.hibernate.Version                    : HHH000412: Hibernate ORM core version 6.2.9.Final
2025-03-31T21:40:40.130+05:30  INFO 75201 --- [main] org.hibernate.cfg.Environment            : HHH000406: Using bytecode reflection optimizer
2025-03-31T21:40:40.277+05:30  INFO 75201 --- [main] o.h.b.i.BytecodeProviderInitiator        : HHH000021: Bytecode provider name : bytebuddy
2025-03-31T21:40:40.400+05:30  INFO 75201 --- [main] o.s.o.j.p.SpringPersistenceUnitInfo      : No LoadTimeWeaver setup: ignoring JPA class transformer
2025-03-31T21:40:40.420+05:30  INFO 75201 --- [main] com.zaxxer.hikari.HikariDataSource       : HikariPool-1 - Starting...
2025-03-31T21:40:40.886+05:30  INFO 75201 --- [main] com.zaxxer.hikari.pool.HikariPool        : HikariPool-1 - Added connection com.mysql.cj.jdbc.ConnectionImpl@6f3b13d0
2025-03-31T21:40:40.889+05:30  INFO 75201 --- [main] com.zaxxer.hikari.HikariDataSource       : HikariPool-1 - Start completed.
2025-03-31T21:40:41.227+05:30  INFO 75201 --- [main] o.h.b.i.BytecodeProviderInitiator        : HHH000021: Bytecode provider name : bytebuddy
2025-03-31T21:40:42.087+05:30  INFO 75201 --- [main] o.h.e.t.j.p.i.JtaPlatformInitiator       : HHH000490: Using JtaPlatform implementation: [org.hibernate.engine.transaction.jta.platform.internal.NoJtaPlatform]
2025-03-31T21:40:42.159+05:30  INFO 75201 --- [main] j.LocalContainerEntityManagerFactoryBean : Initialized JPA EntityManagerFactory for persistence unit 'default'
2025-03-31T21:40:43.083+05:30  INFO 75201 --- [main] org.mongodb.driver.client                : MongoClient with metadata {"driver": {"name": "mongo-java-driver|sync|spring-boot", "version": "4.9.1"}, "os": {"type": "Darwin", "name": "Mac OS X", "architecture": "x86_64", "version": "12.2"}, "platform": "Java/Amazon.com Inc./17.0.7+7-LTS"} created with settings MongoClientSettings{readPreference=primary, writeConcern=WriteConcern{w=null, wTimeout=null ms, journal=null}, retryWrites=true, retryReads=true, readConcern=ReadConcern{level=null}, credential=null, streamFactoryFactory=null, commandListeners=[], codecRegistry=ProvidersCodecRegistry{codecProviders=[ValueCodecProvider{}, BsonValueCodecProvider{}, DBRefCodecProvider{}, DBObjectCodecProvider{}, DocumentCodecProvider{}, CollectionCodecProvider{}, IterableCodecProvider{}, MapCodecProvider{}, GeoJsonCodecProvider{}, GridFSFileCodecProvider{}, Jsr310CodecProvider{}, JsonObjectCodecProvider{}, BsonCodecProvider{}, EnumCodecProvider{}, com.mongodb.client.model.mql.ExpressionCodecProvider@5c0f508b, com.mongodb.Jep395RecordCodecProvider@7a2ffb0b]}, loggerSettings=LoggerSettings{maxDocumentLength=1000}, clusterSettings={hosts=[localhost:27017], srvServiceName=mongodb, mode=SINGLE, requiredClusterType=UNKNOWN, requiredReplicaSetName='null', serverSelector='null', clusterListeners='[]', serverSelectionTimeout='30000 ms', localThreshold='30000 ms'}, socketSettings=SocketSettings{connectTimeoutMS=10000, readTimeoutMS=0, receiveBufferSize=0, sendBufferSize=0}, heartbeatSocketSettings=SocketSettings{connectTimeoutMS=10000, readTimeoutMS=10000, receiveBufferSize=0, sendBufferSize=0}, connectionPoolSettings=ConnectionPoolSettings{maxSize=100, minSize=0, maxWaitTimeMS=120000, maxConnectionLifeTimeMS=0, maxConnectionIdleTimeMS=0, maintenanceInitialDelayMS=0, maintenanceFrequencyMS=60000, connectionPoolListeners=[], maxConnecting=2}, serverSettings=ServerSettings{heartbeatFrequencyMS=10000, minHeartbeatFrequencyMS=500, serverListeners='[]', serverMonitorListeners='[]'}, sslSettings=SslSettings{enabled=false, invalidHostNameAllowed=false, context=null}, applicationName='null', compressorList=[], uuidRepresentation=JAVA_LEGACY, serverApi=null, autoEncryptionSettings=null, contextProvider=null}
2025-03-31T21:40:43.103+05:30  INFO 75201 --- [cluster-ClusterId{value='67eabe837d815814412efd1f', description='null'}-localhost:27017] org.mongodb.driver.cluster               : Monitor thread successfully connected to server with description ServerDescription{address=localhost:27017, type=STANDALONE, state=CONNECTED, ok=true, minWireVersion=0, maxWireVersion=25, maxDocumentSize=16777216, logicalSessionTimeoutMinutes=30, roundTripTimeNanos=29915708}
2025-03-31T21:40:43.610+05:30  WARN 75201 --- [main] JpaBaseConfiguration$JpaWebConfiguration : spring.jpa.open-in-view is enabled by default. Therefore, database queries may be performed during view rendering. Explicitly configure spring.jpa.open-in-view to disable this warning
2025-03-31T21:40:44.037+05:30  INFO 75201 --- [main] org.quartz.impl.StdSchedulerFactory      : Using default implementation for ThreadExecutor
2025-03-31T21:40:44.050+05:30  INFO 75201 --- [main] org.quartz.core.SchedulerSignalerImpl    : Initialized Scheduler Signaller of type: class org.quartz.core.SchedulerSignalerImpl
2025-03-31T21:40:44.051+05:30  INFO 75201 --- [main] org.quartz.core.QuartzScheduler          : Quartz Scheduler v.2.3.2 created.
2025-03-31T21:40:44.051+05:30  INFO 75201 --- [main] org.quartz.simpl.RAMJobStore             : RAMJobStore initialized.
2025-03-31T21:40:44.052+05:30  INFO 75201 --- [main] org.quartz.core.QuartzScheduler          : Scheduler meta-data: Quartz Scheduler (v2.3.2) 'quartzScheduler' with instanceId 'NON_CLUSTERED'
  Scheduler class: 'org.quartz.core.QuartzScheduler' - running locally.
  NOT STARTED.
  Currently in standby mode.
  Number of jobs executed: 0
  Using thread pool 'org.quartz.simpl.SimpleThreadPool' - with 10 threads.
  Using job-store 'org.quartz.simpl.RAMJobStore' - which does not support persistence. and is not clustered.

2025-03-31T21:40:44.052+05:30  INFO 75201 --- [main] org.quartz.impl.StdSchedulerFactory      : Quartz scheduler 'quartzScheduler' initialized from an externally provided properties instance.
2025-03-31T21:40:44.052+05:30  INFO 75201 --- [main] org.quartz.impl.StdSchedulerFactory      : Quartz scheduler version: 2.3.2
2025-03-31T21:40:44.052+05:30  INFO 75201 --- [main] org.quartz.core.QuartzScheduler          : JobFactory set to: org.springframework.scheduling.quartz.SpringBeanJobFactory@7894a250
2025-03-31T21:40:44.111+05:30  INFO 75201 --- [main] o.s.b.w.embedded.tomcat.TomcatWebServer  : Tomcat started on port(s): 8080 (http) with context path ''
2025-03-31T21:40:44.114+05:30  INFO 75201 --- [main] o.s.s.quartz.SchedulerFactoryBean        : Starting Quartz Scheduler now
2025-03-31T21:40:44.114+05:30  INFO 75201 --- [main] org.quartz.core.QuartzScheduler          : Scheduler quartzScheduler_$_NON_CLUSTERED started.
2025-03-31T21:40:44.129+05:30  INFO 75201 --- [main] c.sai.sprinto.policy.PolicyApplication   : Started PolicyApplication in 8.314 seconds (process running for 8.962)
2025-03-31T21:41:54.533+05:30  INFO 75201 --- [http-nio-8080-exec-1] o.a.c.c.C.[Tomcat].[localhost].[/]       : Initializing Spring DispatcherServlet 'dispatcherServlet'
2025-03-31T21:41:54.537+05:30  INFO 75201 --- [http-nio-8080-exec-1] o.s.web.servlet.DispatcherServlet        : Initializing Servlet 'dispatcherServlet'
2025-03-31T21:41:54.552+05:30  INFO 75201 --- [http-nio-8080-exec-1] o.s.web.servlet.DispatcherServlet        : Completed initialization in 15 ms
